Arguments: 
  /home/joao/.nvm/versions/node/v20.12.2/bin/node /usr/bin/yarn add -D @types/tippy.js

PATH: 
  /home/joao/.nvm/versions/node/v20.12.2/bin:/home/joao/.cargo/bin:/home/joao/.local/bin:/usr/local/sbin:/usr/local/bin:/usr/sbin:/usr/bin:/sbin:/bin:/usr/games:/usr/local/games:/snap/bin:/snap/bin

Yarn version: 
  1.22.19

Node version: 
  20.12.2

Platform: 
  linux x64

Trace: 
  Error: https://registry.yarnpkg.com/@types%2ftippy.js: Not found
      at params.callback [as _callback] (/usr/lib/node_modules/yarn/lib/cli.js:66145:18)
      at self.callback (/usr/lib/node_modules/yarn/lib/cli.js:140890:22)
      at Request.emit (node:events:518:28)
      at Request.<anonymous> (/usr/lib/node_modules/yarn/lib/cli.js:141862:10)
      at Request.emit (node:events:518:28)
      at IncomingMessage.<anonymous> (/usr/lib/node_modules/yarn/lib/cli.js:141784:12)
      at Object.onceWrapper (node:events:632:28)
      at IncomingMessage.emit (node:events:530:35)
      at endReadableNT (node:internal/streams/readable:1696:12)
      at process.processTicksAndRejections (node:internal/process/task_queues:82:21)

npm manifest: 
  {
    "name": "focus-pocus",
    "version": "1.1.2",
    "description": "A extension that will help you to focus on your work",
    "main": "index.js",
    "scripts": {
      "test": "echo \"Error: no test specified\" && exit 1",
      "dev:chrome": "cross-env BROWSER_TARGET=chrome webpack --mode development",
      "dev:firefox": "cross-env BROWSER_TARGET=firefox webpack --mode development",
      "build:chrome": "cross-env BROWSER_TARGET=chrome webpack --mode production",
      "build:firefox": "cross-env BROWSER_TARGET=firefox webpack --mode production"
    },
    "keywords": [],
    "author": "@jotavetech",
    "license": "ISC",
    "devDependencies": {
      "@babel/eslint-parser": "^7.24.5",
      "@types/toastify-js": "^1.12.3",
      "@types/webextension-polyfill": "^0.10.7",
      "copy-webpack-plugin": "^12.0.2",
      "cross-env": "^7.0.3",
      "ts-loader": "^9.5.1",
      "typescript": "^5.4.5",
      "webextension-polyfill": "^0.11.0",
      "webpack": "^5.91.0",
      "webpack-cli": "^5.1.4"
    },
    "dependencies": {
      "tippy.js": "^6.3.7",
      "toastify-js": "^1.12.0"
    }
  }

yarn manifest: 
  No manifest

Lockfile: 
  # THIS IS AN AUTOGENERATED FILE. DO NOT EDIT THIS FILE DIRECTLY.
  # yarn lockfile v1
  
  
  "@babel/eslint-parser@^7.24.5":
    version "7.24.6"
    resolved "https://registry.npmjs.org/@babel/eslint-parser/-/eslint-parser-7.24.6.tgz"
    integrity sha512-Q1BfQX42zXHx732PLW0w4+Y3wJjoZKEMaatFUEAmQ7Z+jCXxinzeqX9bvv2Q8xNPes/H6F0I23oGkcgjaItmLw==
    dependencies:
      "@nicolo-ribaudo/eslint-scope-5-internals" "5.1.1-v1"
      eslint-visitor-keys "^2.1.0"
      semver "^6.3.1"
  
  "@discoveryjs/json-ext@^0.5.0":
    version "0.5.7"
    resolved "https://registry.npmjs.org/@discoveryjs/json-ext/-/json-ext-0.5.7.tgz"
    integrity sha512-dBVuXR082gk3jsFp7Rd/JI4kytwGHecnCoTtXFb7DB6CNHp4rg5k1bhg0nWdLGLnOV71lmDzGQaLMy8iPLY0pw==
  
  "@jridgewell/gen-mapping@^0.3.5":
    version "0.3.5"
    resolved "https://registry.npmjs.org/@jridgewell/gen-mapping/-/gen-mapping-0.3.5.tgz"
    integrity sha512-IzL8ZoEDIBRWEzlCcRhOaCupYyN5gdIK+Q6fbFdPDg6HqX6jpkItn7DFIpW9LQzXG6Df9sA7+OKnq0qlz/GaQg==
    dependencies:
      "@jridgewell/set-array" "^1.2.1"
      "@jridgewell/sourcemap-codec" "^1.4.10"
      "@jridgewell/trace-mapping" "^0.3.24"
  
  "@jridgewell/resolve-uri@^3.1.0":
    version "3.1.2"
    resolved "https://registry.npmjs.org/@jridgewell/resolve-uri/-/resolve-uri-3.1.2.tgz"
    integrity sha512-bRISgCIjP20/tbWSPWMEi54QVPRZExkuD9lJL+UIxUKtwVJA8wW1Trb1jMs1RFXo1CBTNZ/5hpC9QvmKWdopKw==
  
  "@jridgewell/set-array@^1.2.1":
    version "1.2.1"
    resolved "https://registry.npmjs.org/@jridgewell/set-array/-/set-array-1.2.1.tgz"
    integrity sha512-R8gLRTZeyp03ymzP/6Lil/28tGeGEzhx1q2k703KGWRAI1VdvPIXdG70VJc2pAMw3NA6JKL5hhFu1sJX0Mnn/A==
  
  "@jridgewell/source-map@^0.3.3":
    version "0.3.6"
    resolved "https://registry.npmjs.org/@jridgewell/source-map/-/source-map-0.3.6.tgz"
    integrity sha512-1ZJTZebgqllO79ue2bm3rIGud/bOe0pP5BjSRCRxxYkEZS8STV7zN84UBbiYu7jy+eCKSnVIUgoWWE/tt+shMQ==
    dependencies:
      "@jridgewell/gen-mapping" "^0.3.5"
      "@jridgewell/trace-mapping" "^0.3.25"
  
  "@jridgewell/sourcemap-codec@^1.4.10", "@jridgewell/sourcemap-codec@^1.4.14":
    version "1.4.15"
    resolved "https://registry.npmjs.org/@jridgewell/sourcemap-codec/-/sourcemap-codec-1.4.15.tgz"
    integrity sha512-eF2rxCRulEKXHTRiDrDy6erMYWqNw4LPdQ8UQA4huuxaQsVeRPFl2oM8oDGxMFhJUWZf9McpLtJasDDZb/Bpeg==
  
  "@jridgewell/trace-mapping@^0.3.20", "@jridgewell/trace-mapping@^0.3.24", "@jridgewell/trace-mapping@^0.3.25":
    version "0.3.25"
    resolved "https://registry.npmjs.org/@jridgewell/trace-mapping/-/trace-mapping-0.3.25.tgz"
    integrity sha512-vNk6aEwybGtawWmy/PzwnGDOjCkLWSD2wqvjGGAgOAwCGWySYXfYoxt00IJkTF+8Lb57DwOb3Aa0o9CApepiYQ==
    dependencies:
      "@jridgewell/resolve-uri" "^3.1.0"
      "@jridgewell/sourcemap-codec" "^1.4.14"
  
  "@nicolo-ribaudo/eslint-scope-5-internals@5.1.1-v1":
    version "5.1.1-v1"
    resolved "https://registry.npmjs.org/@nicolo-ribaudo/eslint-scope-5-internals/-/eslint-scope-5-internals-5.1.1-v1.tgz"
    integrity sha512-54/JRvkLIzzDWshCWfuhadfrfZVPiElY8Fcgmg1HroEly/EDSszzhBAsarCux+D/kOslTRquNzuyGSmUSTTHGg==
    dependencies:
      eslint-scope "5.1.1"
  
  "@nodelib/fs.scandir@2.1.5":
    version "2.1.5"
    resolved "https://registry.npmjs.org/@nodelib/fs.scandir/-/fs.scandir-2.1.5.tgz"
    integrity sha512-vq24Bq3ym5HEQm2NKCr3yXDwjc7vTsEThRDnkp2DK9p1uqLR+DHurm/NOTo0KG7HYHU7eppKZj3MyqYuMBf62g==
    dependencies:
      "@nodelib/fs.stat" "2.0.5"
      run-parallel "^1.1.9"
  
  "@nodelib/fs.stat@2.0.5", "@nodelib/fs.stat@^2.0.2":
    version "2.0.5"
    resolved "https://registry.npmjs.org/@nodelib/fs.stat/-/fs.stat-2.0.5.tgz"
    integrity sha512-RkhPPp2zrqDAQA/2jNhnztcPAlv64XdhIp7a7454A5ovI7Bukxgt7MX7udwAu3zg1DcpPU0rz3VV1SeaqvY4+A==
  
  "@nodelib/fs.walk@^1.2.3":
    version "1.2.8"
    resolved "https://registry.npmjs.org/@nodelib/fs.walk/-/fs.walk-1.2.8.tgz"
    integrity sha512-oGB+UxlgWcgQkgwo8GcEGwemoTFt3FIO9ababBmaGwXIoBKZ+GTy0pP185beGg7Llih/NSHSV2XAs1lnznocSg==
    dependencies:
      "@nodelib/fs.scandir" "2.1.5"
      fastq "^1.6.0"
  
  "@popperjs/core@^2.9.0":
    version "2.11.8"
    resolved "https://registry.yarnpkg.com/@popperjs/core/-/core-2.11.8.tgz#6b79032e760a0899cd4204710beede972a3a185f"
    integrity sha512-P1st0aksCrn9sGZhp8GMYwBnQsbvAWsZAX44oXNNvLHGqAOcoVxmjZiohstwQ7SqKnbR47akdNi+uleWD8+g6A==
  
  "@sindresorhus/merge-streams@^2.1.0":
    version "2.3.0"
    resolved "https://registry.npmjs.org/@sindresorhus/merge-streams/-/merge-streams-2.3.0.tgz"
    integrity sha512-LtoMMhxAlorcGhmFYI+LhPgbPZCkgP6ra1YL604EeF6U98pLlQ3iWIGMdWSC+vWmPBWBNgmDBAhnAobLROJmwg==
  
  "@types/eslint-scope@^3.7.3":
    version "3.7.7"
    resolved "https://registry.npmjs.org/@types/eslint-scope/-/eslint-scope-3.7.7.tgz"
    integrity sha512-MzMFlSLBqNF2gcHWO0G1vP/YQyfvrxZ0bF+u7mzUdZ1/xK4A4sru+nraZz5i3iEIk1l1uyicaDVTB4QbbEkAYg==
    dependencies:
      "@types/eslint" "*"
      "@types/estree" "*"
  
  "@types/eslint@*":
    version "8.56.10"
    resolved "https://registry.npmjs.org/@types/eslint/-/eslint-8.56.10.tgz"
    integrity sha512-Shavhk87gCtY2fhXDctcfS3e6FdxWkCx1iUZ9eEUbh7rTqlZT0/IzOkCOVt0fCjcFuZ9FPYfuezTBImfHCDBGQ==
    dependencies:
      "@types/estree" "*"
      "@types/json-schema" "*"
  
  "@types/estree@*", "@types/estree@^1.0.5":
    version "1.0.5"
    resolved "https://registry.npmjs.org/@types/estree/-/estree-1.0.5.tgz"
    integrity sha512-/kYRxGDLWzHOB7q+wtSUQlFrtcdUccpfy+X+9iMBpHK8QLLhx2wIPYuS5DYtR9Wa/YlZAbIovy7qVdB1Aq6Lyw==
  
  "@types/json-schema@*", "@types/json-schema@^7.0.8", "@types/json-schema@^7.0.9":
    version "7.0.15"
    resolved "https://registry.npmjs.org/@types/json-schema/-/json-schema-7.0.15.tgz"
    integrity sha512-5+fP8P8MFNC+AyZCDxrB2pkZFPGzqQWUzpSeuuVLvm8VMcorNYavBqoFcxK8bQz4Qsbn4oUEEem4wDLfcysGHA==
  
  "@types/node@*":
    version "20.12.10"
    resolved "https://registry.npmjs.org/@types/node/-/node-20.12.10.tgz"
    integrity sha512-Eem5pH9pmWBHoGAT8Dr5fdc5rYA+4NAovdM4EktRPVAAiJhmWWfQrA0cFhAbOsQdSfIHjAud6YdkbL69+zSKjw==
    dependencies:
      undici-types "~5.26.4"
  
  "@types/toastify-js@^1.12.3":
    version "1.12.3"
    resolved "https://registry.npmjs.org/@types/toastify-js/-/toastify-js-1.12.3.tgz"
    integrity sha512-9RjLlbAHMSaae/KZNHGv19VG4gcLIm3YjvacCXBtfMfYn26h76YP5oxXI8k26q4iKXCB9LNfv18lsoS0JnFPTg==
  
  "@types/webextension-polyfill@^0.10.7":
    version "0.10.7"
    resolved "https://registry.npmjs.org/@types/webextension-polyfill/-/webextension-polyfill-0.10.7.tgz"
    integrity sha512-10ql7A0qzBmFB+F+qAke/nP1PIonS0TXZAOMVOxEUsm+lGSW6uwVcISFNa0I4Oyj0884TZVWGGMIWeXOVSNFHw==
  
  "@webassemblyjs/ast@1.12.1", "@webassemblyjs/ast@^1.12.1":
    version "1.12.1"
    resolved "https://registry.npmjs.org/@webassemblyjs/ast/-/ast-1.12.1.tgz"
    integrity sha512-EKfMUOPRRUTy5UII4qJDGPpqfwjOmZ5jeGFwid9mnoqIFK+e0vqoi1qH56JpmZSzEL53jKnNzScdmftJyG5xWg==
    dependencies:
      "@webassemblyjs/helper-numbers" "1.11.6"
      "@webassemblyjs/helper-wasm-bytecode" "1.11.6"
  
  "@webassemblyjs/floating-point-hex-parser@1.11.6":
    version "1.11.6"
    resolved "https://registry.npmjs.org/@webassemblyjs/floating-point-hex-parser/-/floating-point-hex-parser-1.11.6.tgz"
    integrity sha512-ejAj9hfRJ2XMsNHk/v6Fu2dGS+i4UaXBXGemOfQ/JfQ6mdQg/WXtwleQRLLS4OvfDhv8rYnVwH27YJLMyYsxhw==
  
  "@webassemblyjs/helper-api-error@1.11.6":
    version "1.11.6"
    resolved "https://registry.npmjs.org/@webassemblyjs/helper-api-error/-/helper-api-error-1.11.6.tgz"
    integrity sha512-o0YkoP4pVu4rN8aTJgAyj9hC2Sv5UlkzCHhxqWj8butaLvnpdc2jOwh4ewE6CX0txSfLn/UYaV/pheS2Txg//Q==
  
  "@webassemblyjs/helper-buffer@1.12.1":
    version "1.12.1"
    resolved "https://registry.npmjs.org/@webassemblyjs/helper-buffer/-/helper-buffer-1.12.1.tgz"
    integrity sha512-nzJwQw99DNDKr9BVCOZcLuJJUlqkJh+kVzVl6Fmq/tI5ZtEyWT1KZMyOXltXLZJmDtvLCDgwsyrkohEtopTXCw==
  
  "@webassemblyjs/helper-numbers@1.11.6":
    version "1.11.6"
    resolved "https://registry.npmjs.org/@webassemblyjs/helper-numbers/-/helper-numbers-1.11.6.tgz"
    integrity sha512-vUIhZ8LZoIWHBohiEObxVm6hwP034jwmc9kuq5GdHZH0wiLVLIPcMCdpJzG4C11cHoQ25TFIQj9kaVADVX7N3g==
    dependencies:
      "@webassemblyjs/floating-point-hex-parser" "1.11.6"
      "@webassemblyjs/helper-api-error" "1.11.6"
      "@xtuc/long" "4.2.2"
  
  "@webassemblyjs/helper-wasm-bytecode@1.11.6":
    version "1.11.6"
    resolved "https://registry.npmjs.org/@webassemblyjs/helper-wasm-bytecode/-/helper-wasm-bytecode-1.11.6.tgz"
    integrity sha512-sFFHKwcmBprO9e7Icf0+gddyWYDViL8bpPjJJl0WHxCdETktXdmtWLGVzoHbqUcY4Be1LkNfwTmXOJUFZYSJdA==
  
  "@webassemblyjs/helper-wasm-section@1.12.1":
    version "1.12.1"
    resolved "https://registry.npmjs.org/@webassemblyjs/helper-wasm-section/-/helper-wasm-section-1.12.1.tgz"
    integrity sha512-Jif4vfB6FJlUlSbgEMHUyk1j234GTNG9dBJ4XJdOySoj518Xj0oGsNi59cUQF4RRMS9ouBUxDDdyBVfPTypa5g==
    dependencies:
      "@webassemblyjs/ast" "1.12.1"
      "@webassemblyjs/helper-buffer" "1.12.1"
      "@webassemblyjs/helper-wasm-bytecode" "1.11.6"
      "@webassemblyjs/wasm-gen" "1.12.1"
  
  "@webassemblyjs/ieee754@1.11.6":
    version "1.11.6"
    resolved "https://registry.npmjs.org/@webassemblyjs/ieee754/-/ieee754-1.11.6.tgz"
    integrity sha512-LM4p2csPNvbij6U1f19v6WR56QZ8JcHg3QIJTlSwzFcmx6WSORicYj6I63f9yU1kEUtrpG+kjkiIAkevHpDXrg==
    dependencies:
      "@xtuc/ieee754" "^1.2.0"
  
  "@webassemblyjs/leb128@1.11.6":
    version "1.11.6"
    resolved "https://registry.npmjs.org/@webassemblyjs/leb128/-/leb128-1.11.6.tgz"
    integrity sha512-m7a0FhE67DQXgouf1tbN5XQcdWoNgaAuoULHIfGFIEVKA6tu/edls6XnIlkmS6FrXAquJRPni3ZZKjw6FSPjPQ==
    dependencies:
      "@xtuc/long" "4.2.2"
  
  "@webassemblyjs/utf8@1.11.6":
    version "1.11.6"
    resolved "https://registry.npmjs.org/@webassemblyjs/utf8/-/utf8-1.11.6.tgz"
    integrity sha512-vtXf2wTQ3+up9Zsg8sa2yWiQpzSsMyXj0qViVP6xKGCUT8p8YJ6HqI7l5eCnWx1T/FYdsv07HQs2wTFbbof/RA==
  
  "@webassemblyjs/wasm-edit@^1.12.1":
    version "1.12.1"
    resolved "https://registry.npmjs.org/@webassemblyjs/wasm-edit/-/wasm-edit-1.12.1.tgz"
    integrity sha512-1DuwbVvADvS5mGnXbE+c9NfA8QRcZ6iKquqjjmR10k6o+zzsRVesil54DKexiowcFCPdr/Q0qaMgB01+SQ1u6g==
    dependencies:
      "@webassemblyjs/ast" "1.12.1"
      "@webassemblyjs/helper-buffer" "1.12.1"
      "@webassemblyjs/helper-wasm-bytecode" "1.11.6"
      "@webassemblyjs/helper-wasm-section" "1.12.1"
      "@webassemblyjs/wasm-gen" "1.12.1"
      "@webassemblyjs/wasm-opt" "1.12.1"
      "@webassemblyjs/wasm-parser" "1.12.1"
      "@webassemblyjs/wast-printer" "1.12.1"
  
  "@webassemblyjs/wasm-gen@1.12.1":
    version "1.12.1"
    resolved "https://registry.npmjs.org/@webassemblyjs/wasm-gen/-/wasm-gen-1.12.1.tgz"
    integrity sha512-TDq4Ojh9fcohAw6OIMXqiIcTq5KUXTGRkVxbSo1hQnSy6lAM5GSdfwWeSxpAo0YzgsgF182E/U0mDNhuA0tW7w==
    dependencies:
      "@webassemblyjs/ast" "1.12.1"
      "@webassemblyjs/helper-wasm-bytecode" "1.11.6"
      "@webassemblyjs/ieee754" "1.11.6"
      "@webassemblyjs/leb128" "1.11.6"
      "@webassemblyjs/utf8" "1.11.6"
  
  "@webassemblyjs/wasm-opt@1.12.1":
    version "1.12.1"
    resolved "https://registry.npmjs.org/@webassemblyjs/wasm-opt/-/wasm-opt-1.12.1.tgz"
    integrity sha512-Jg99j/2gG2iaz3hijw857AVYekZe2SAskcqlWIZXjji5WStnOpVoat3gQfT/Q5tb2djnCjBtMocY/Su1GfxPBg==
    dependencies:
      "@webassemblyjs/ast" "1.12.1"
      "@webassemblyjs/helper-buffer" "1.12.1"
      "@webassemblyjs/wasm-gen" "1.12.1"
      "@webassemblyjs/wasm-parser" "1.12.1"
  
  "@webassemblyjs/wasm-parser@1.12.1", "@webassemblyjs/wasm-parser@^1.12.1":
    version "1.12.1"
    resolved "https://registry.npmjs.org/@webassemblyjs/wasm-parser/-/wasm-parser-1.12.1.tgz"
    integrity sha512-xikIi7c2FHXysxXe3COrVUPSheuBtpcfhbpFj4gmu7KRLYOzANztwUU0IbsqvMqzuNK2+glRGWCEqZo1WCLyAQ==
    dependencies:
      "@webassemblyjs/ast" "1.12.1"
      "@webassemblyjs/helper-api-error" "1.11.6"
      "@webassemblyjs/helper-wasm-bytecode" "1.11.6"
      "@webassemblyjs/ieee754" "1.11.6"
      "@webassemblyjs/leb128" "1.11.6"
      "@webassemblyjs/utf8" "1.11.6"
  
  "@webassemblyjs/wast-printer@1.12.1":
    version "1.12.1"
    resolved "https://registry.npmjs.org/@webassemblyjs/wast-printer/-/wast-printer-1.12.1.tgz"
    integrity sha512-+X4WAlOisVWQMikjbcvY2e0rwPsKQ9F688lksZhBcPycBBuii3O7m8FACbDMWDojpAqvjIncrG8J0XHKyQfVeA==
    dependencies:
      "@webassemblyjs/ast" "1.12.1"
      "@xtuc/long" "4.2.2"
  
  "@webpack-cli/configtest@^2.1.1":
    version "2.1.1"
    resolved "https://registry.npmjs.org/@webpack-cli/configtest/-/configtest-2.1.1.tgz"
    integrity sha512-wy0mglZpDSiSS0XHrVR+BAdId2+yxPSoJW8fsna3ZpYSlufjvxnP4YbKTCBZnNIcGN4r6ZPXV55X4mYExOfLmw==
  
  "@webpack-cli/info@^2.0.2":
    version "2.0.2"
    resolved "https://registry.npmjs.org/@webpack-cli/info/-/info-2.0.2.tgz"
    integrity sha512-zLHQdI/Qs1UyT5UBdWNqsARasIA+AaF8t+4u2aS2nEpBQh2mWIVb8qAklq0eUENnC5mOItrIB4LiS9xMtph18A==
  
  "@webpack-cli/serve@^2.0.5":
    version "2.0.5"
    resolved "https://registry.npmjs.org/@webpack-cli/serve/-/serve-2.0.5.tgz"
    integrity sha512-lqaoKnRYBdo1UgDX8uF24AfGMifWK19TxPmM5FHc2vAGxrJ/qtyUyFBWoY1tISZdelsQ5fBcOusifo5o5wSJxQ==
  
  "@xtuc/ieee754@^1.2.0":
    version "1.2.0"
    resolved "https://registry.npmjs.org/@xtuc/ieee754/-/ieee754-1.2.0.tgz"
    integrity sha512-DX8nKgqcGwsc0eJSqYt5lwP4DH5FlHnmuWWBRy7X0NcaGR0ZtuyeESgMwTYVEtxmsNGY+qit4QYT/MIYTOTPeA==
  
  "@xtuc/long@4.2.2":
    version "4.2.2"
    resolved "https://registry.npmjs.org/@xtuc/long/-/long-4.2.2.tgz"
    integrity sha512-NuHqBY1PB/D8xU6s/thBgOAiAP7HOYDQ32+BFZILJ8ivkUkAHQnWfn6WhL79Owj1qmUnoN/YPhktdIoucipkAQ==
  
  acorn-import-assertions@^1.9.0:
    version "1.9.0"
    resolved "https://registry.npmjs.org/acorn-import-assertions/-/acorn-import-assertions-1.9.0.tgz"
    integrity sha512-cmMwop9x+8KFhxvKrKfPYmN6/pKTYYHBqLa0DfvVZcKMJWNyWLnaqND7dx/qn66R7ewM1UX5XMaDVP5wlVTaVA==
  
  acorn@^8.7.1, acorn@^8.8.2:
    version "8.11.3"
    resolved "https://registry.npmjs.org/acorn/-/acorn-8.11.3.tgz"
    integrity sha512-Y9rRfJG5jcKOE0CLisYbojUjIrIEE7AGMzA/Sm4BslANhbS+cDMpgBdcPT91oJ7OuJ9hYJBx59RjbhxVnrF8Xg==
  
  ajv-formats@^2.1.1:
    version "2.1.1"
    resolved "https://registry.npmjs.org/ajv-formats/-/ajv-formats-2.1.1.tgz"
    integrity sha512-Wx0Kx52hxE7C18hkMEggYlEifqWZtYaRgouJor+WMdPnQyEK13vgEWyVNup7SoeeoLMsr4kf5h6dOW11I15MUA==
    dependencies:
      ajv "^8.0.0"
  
  ajv-keywords@^3.5.2:
    version "3.5.2"
    resolved "https://registry.npmjs.org/ajv-keywords/-/ajv-keywords-3.5.2.tgz"
    integrity sha512-5p6WTN0DdTGVQk6VjcEju19IgaHudalcfabD7yhDGeA6bcQnmL+CpveLJq/3hvfwd1aof6L386Ougkx6RfyMIQ==
  
  ajv-keywords@^5.1.0:
    version "5.1.0"
    resolved "https://registry.npmjs.org/ajv-keywords/-/ajv-keywords-5.1.0.tgz"
    integrity sha512-YCS/JNFAUyr5vAuhk1DWm1CBxRHW9LbJ2ozWeemrIqpbsqKjHVxYPyi5GC0rjZIT5JxJ3virVTS8wk4i/Z+krw==
    dependencies:
      fast-deep-equal "^3.1.3"
  
  ajv@^6.12.5:
    version "6.12.6"
    resolved "https://registry.npmjs.org/ajv/-/ajv-6.12.6.tgz"
    integrity sha512-j3fVLgvTo527anyYyJOGTYJbG+vnnQYvE0m5mmkc1TK+nxAppkCLMIL0aZ4dblVCNoGShhm+kzE4ZUykBoMg4g==
    dependencies:
      fast-deep-equal "^3.1.1"
      fast-json-stable-stringify "^2.0.0"
      json-schema-traverse "^0.4.1"
      uri-js "^4.2.2"
  
  ajv@^8.0.0, ajv@^8.9.0:
    version "8.13.0"
    resolved "https://registry.npmjs.org/ajv/-/ajv-8.13.0.tgz"
    integrity sha512-PRA911Blj99jR5RMeTunVbNXMF6Lp4vZXnk5GQjcnUWUTsrXtekg/pnmFFI2u/I36Y/2bITGS30GZCXei6uNkA==
    dependencies:
      fast-deep-equal "^3.1.3"
      json-schema-traverse "^1.0.0"
      require-from-string "^2.0.2"
      uri-js "^4.4.1"
  
  ansi-styles@^4.1.0:
    version "4.3.0"
    resolved "https://registry.npmjs.org/ansi-styles/-/ansi-styles-4.3.0.tgz"
    integrity sha512-zbB9rCJAT1rbjiVDb2hqKFHNYLxgtk8NURxZ3IZwD3F6NtxbXZQCnnSi1Lkx+IDohdPlFp222wVALIheZJQSEg==
    dependencies:
      color-convert "^2.0.1"
  
  braces@^3.0.2:
    version "3.0.2"
    resolved "https://registry.npmjs.org/braces/-/braces-3.0.2.tgz"
    integrity sha512-b8um+L1RzM3WDSzvhm6gIz1yfTbBt6YTlcEKAvsmqCZZFw46z626lVj9j1yEPW33H5H+lBQpZMP1k8l+78Ha0A==
    dependencies:
      fill-range "^7.0.1"
  
  browserslist@^4.21.10:
    version "4.23.0"
    resolved "https://registry.npmjs.org/browserslist/-/browserslist-4.23.0.tgz"
    integrity sha512-QW8HiM1shhT2GuzkvklfjcKDiWFXHOeFCIA/huJPwHsslwcydgk7X+z2zXpEijP98UCY7HbubZt5J2Zgvf0CaQ==
    dependencies:
      caniuse-lite "^1.0.30001587"
      electron-to-chromium "^1.4.668"
      node-releases "^2.0.14"
      update-browserslist-db "^1.0.13"
  
  buffer-from@^1.0.0:
    version "1.1.2"
    resolved "https://registry.npmjs.org/buffer-from/-/buffer-from-1.1.2.tgz"
    integrity sha512-E+XQCRwSbaaiChtv6k6Dwgc+bx+Bs6vuKJHHl5kox/BaKbhiXzqQOwK4cO22yElGp2OCmjwVhT3HmxgyPGnJfQ==
  
  caniuse-lite@^1.0.30001587:
    version "1.0.30001616"
    resolved "https://registry.npmjs.org/caniuse-lite/-/caniuse-lite-1.0.30001616.tgz"
    integrity sha512-RHVYKov7IcdNjVHJFNY/78RdG4oGVjbayxv8u5IO74Wv7Hlq4PnJE6mo/OjFijjVFNy5ijnCt6H3IIo4t+wfEw==
  
  chalk@^4.1.0:
    version "4.1.2"
    resolved "https://registry.npmjs.org/chalk/-/chalk-4.1.2.tgz"
    integrity sha512-oKnbhFyRIXpUuez8iBMmyEa4nbj4IOQyuhc/wy9kY7/WVPcwIO9VA668Pu8RkO7+0G76SLROeyw9CpQ061i4mA==
    dependencies:
      ansi-styles "^4.1.0"
      supports-color "^7.1.0"
  
  chrome-trace-event@^1.0.2:
    version "1.0.3"
    resolved "https://registry.npmjs.org/chrome-trace-event/-/chrome-trace-event-1.0.3.tgz"
    integrity sha512-p3KULyQg4S7NIHixdwbGX+nFHkoBiA4YQmyWtjb8XngSKV124nJmRysgAeujbUVb15vh+RvFUfCPqU7rXk+hZg==
  
  clone-deep@^4.0.1:
    version "4.0.1"
    resolved "https://registry.npmjs.org/clone-deep/-/clone-deep-4.0.1.tgz"
    integrity sha512-neHB9xuzh/wk0dIHweyAXv2aPGZIVk3pLMe+/RNzINf17fe0OG96QroktYAUm7SM1PBnzTabaLboqqxDyMU+SQ==
    dependencies:
      is-plain-object "^2.0.4"
      kind-of "^6.0.2"
      shallow-clone "^3.0.0"
  
  color-convert@^2.0.1:
    version "2.0.1"
    resolved "https://registry.npmjs.org/color-convert/-/color-convert-2.0.1.tgz"
    integrity sha512-RRECPsj7iu/xb5oKYcsFHSppFNnsj/52OVTRKb4zP5onXwVF3zVmmToNcOfGC+CRDpfK/U584fMg38ZHCaElKQ==
    dependencies:
      color-name "~1.1.4"
  
  color-name@~1.1.4:
    version "1.1.4"
    resolved "https://registry.npmjs.org/color-name/-/color-name-1.1.4.tgz"
    integrity sha512-dOy+3AuW3a2wNbZHIuMZpTcgjGuLU/uBL/ubcZF9OXbDo8ff4O8yVp5Bf0efS8uEoYo5q4Fx7dY9OgQGXgAsQA==
  
  colorette@^2.0.14:
    version "2.0.20"
    resolved "https://registry.npmjs.org/colorette/-/colorette-2.0.20.tgz"
    integrity sha512-IfEDxwoWIjkeXL1eXcDiow4UbKjhLdq6/EuSVR9GMN7KVH3r9gQ83e73hsz1Nd1T3ijd5xv1wcWRYO+D6kCI2w==
  
  commander@^10.0.1:
    version "10.0.1"
    resolved "https://registry.npmjs.org/commander/-/commander-10.0.1.tgz"
    integrity sha512-y4Mg2tXshplEbSGzx7amzPwKKOCGuoSRP/CjEdwwk0FOGlUbq6lKuoyDZTNZkmxHdJtp54hdfY/JUrdL7Xfdug==
  
  commander@^2.20.0:
    version "2.20.3"
    resolved "https://registry.npmjs.org/commander/-/commander-2.20.3.tgz"
    integrity sha512-GpVkmM8vF2vQUkj2LvZmD35JxeJOLCwJ9cUkugyk2nuhbv3+mJvpLYYt+0+USMxE+oj+ey/lJEnhZw75x/OMcQ==
  
  copy-webpack-plugin@^12.0.2:
    version "12.0.2"
    resolved "https://registry.npmjs.org/copy-webpack-plugin/-/copy-webpack-plugin-12.0.2.tgz"
    integrity sha512-SNwdBeHyII+rWvee/bTnAYyO8vfVdcSTud4EIb6jcZ8inLeWucJE0DnxXQBjlQ5zlteuuvooGQy3LIyGxhvlOA==
    dependencies:
      fast-glob "^3.3.2"
      glob-parent "^6.0.1"
      globby "^14.0.0"
      normalize-path "^3.0.0"
      schema-utils "^4.2.0"
      serialize-javascript "^6.0.2"
  
  cross-env@^7.0.3:
    version "7.0.3"
    resolved "https://registry.npmjs.org/cross-env/-/cross-env-7.0.3.tgz"
    integrity sha512-+/HKd6EgcQCJGh2PSjZuUitQBQynKor4wrFbRg4DtAgS1aWO+gU52xpH7M9ScGgXSYmAVS9bIJ8EzuaGw0oNAw==
    dependencies:
      cross-spawn "^7.0.1"
  
  cross-spawn@^7.0.1, cross-spawn@^7.0.3:
    version "7.0.3"
    resolved "https://registry.npmjs.org/cross-spawn/-/cross-spawn-7.0.3.tgz"
    integrity sha512-iRDPJKUPVEND7dHPO8rkbOnPpyDygcDFtWjpeWNCgy8WP2rXcxXL8TskReQl6OrB2G7+UJrags1q15Fudc7G6w==
    dependencies:
      path-key "^3.1.0"
      shebang-command "^2.0.0"
      which "^2.0.1"
  
  electron-to-chromium@^1.4.668:
    version "1.4.788"
    resolved "https://registry.yarnpkg.com/electron-to-chromium/-/electron-to-chromium-1.4.788.tgz#a3545959d5cfa0a266d3e551386c040be34e7e06"
    integrity sha512-ubp5+Ev/VV8KuRoWnfP2QF2Bg+O2ZFdb49DiiNbz2VmgkIqrnyYaqIOqj8A6K/3p1xV0QcU5hBQ1+BmB6ot1OA==
  
  enhanced-resolve@^5.0.0, enhanced-resolve@^5.16.0:
    version "5.16.0"
    resolved "https://registry.npmjs.org/enhanced-resolve/-/enhanced-resolve-5.16.0.tgz"
    integrity sha512-O+QWCviPNSSLAD9Ucn8Awv+poAkqn3T1XY5/N7kR7rQO9yfSGWkYZDwpJ+iKF7B8rxaQKWngSqACpgzeapSyoA==
    dependencies:
      graceful-fs "^4.2.4"
      tapable "^2.2.0"
  
  envinfo@^7.7.3:
    version "7.13.0"
    resolved "https://registry.npmjs.org/envinfo/-/envinfo-7.13.0.tgz"
    integrity sha512-cvcaMr7KqXVh4nyzGTVqTum+gAiL265x5jUWQIDLq//zOGbW+gSW/C+OWLleY/rs9Qole6AZLMXPbtIFQbqu+Q==
  
  es-module-lexer@^1.2.1:
    version "1.5.2"
    resolved "https://registry.npmjs.org/es-module-lexer/-/es-module-lexer-1.5.2.tgz"
    integrity sha512-l60ETUTmLqbVbVHv1J4/qj+M8nq7AwMzEcg3kmJDt9dCNrTk+yHcYFf/Kw75pMDwd9mPcIGCG5LcS20SxYRzFA==
  
  escalade@^3.1.2:
    version "3.1.2"
    resolved "https://registry.npmjs.org/escalade/-/escalade-3.1.2.tgz"
    integrity sha512-ErCHMCae19vR8vQGe50xIsVomy19rg6gFu3+r3jkEO46suLMWBksvVyoGgQV+jOfl84ZSOSlmv6Gxa89PmTGmA==
  
  eslint-scope@5.1.1:
    version "5.1.1"
    resolved "https://registry.npmjs.org/eslint-scope/-/eslint-scope-5.1.1.tgz"
    integrity sha512-2NxwbF/hZ0KpepYN0cNbo+FN6XoK7GaHlQhgx/hIZl6Va0bF45RQOOwhLIy8lQDbuCiadSLCBnH2CFYquit5bw==
    dependencies:
      esrecurse "^4.3.0"
      estraverse "^4.1.1"
  
  eslint-visitor-keys@^2.1.0:
    version "2.1.0"
    resolved "https://registry.npmjs.org/eslint-visitor-keys/-/eslint-visitor-keys-2.1.0.tgz"
    integrity sha512-0rSmRBzXgDzIsD6mGdJgevzgezI534Cer5L/vyMX0kHzT/jiB43jRhd9YUlMGYLQy2zprNmoT8qasCGtY+QaKw==
  
  esrecurse@^4.3.0:
    version "4.3.0"
    resolved "https://registry.npmjs.org/esrecurse/-/esrecurse-4.3.0.tgz"
    integrity sha512-KmfKL3b6G+RXvP8N1vr3Tq1kL/oCFgn2NYXEtqP8/L3pKapUA4G8cFVaoF3SU323CD4XypR/ffioHmkti6/Tag==
    dependencies:
      estraverse "^5.2.0"
  
  estraverse@^4.1.1:
    version "4.3.0"
    resolved "https://registry.npmjs.org/estraverse/-/estraverse-4.3.0.tgz"
    integrity sha512-39nnKffWz8xN1BU/2c79n9nB9HDzo0niYUqx6xyqUnyoAnQyyWpOTdZEeiCch8BBu515t4wp9ZmgVfVhn9EBpw==
  
  estraverse@^5.2.0:
    version "5.3.0"
    resolved "https://registry.npmjs.org/estraverse/-/estraverse-5.3.0.tgz"
    integrity sha512-MMdARuVEQziNTeJD8DgMqmhwR11BRQ/cBP+pLtYdSTnf3MIO8fFeiINEbX36ZdNlfU/7A9f3gUw49B3oQsvwBA==
  
  events@^3.2.0:
    version "3.3.0"
    resolved "https://registry.npmjs.org/events/-/events-3.3.0.tgz"
    integrity sha512-mQw+2fkQbALzQ7V0MY0IqdnXNOeTtP4r0lN9z7AAawCXgqea7bDii20AYrIBrFd/Hx0M2Ocz6S111CaFkUcb0Q==
  
  fast-deep-equal@^3.1.1, fast-deep-equal@^3.1.3:
    version "3.1.3"
    resolved "https://registry.npmjs.org/fast-deep-equal/-/fast-deep-equal-3.1.3.tgz"
    integrity sha512-f3qQ9oQy9j2AhBe/H9VC91wLmKBCCU/gDOnKNAYG5hswO7BLKj09Hc5HYNz9cGI++xlpDCIgDaitVs03ATR84Q==
  
  fast-glob@^3.3.2:
    version "3.3.2"
    resolved "https://registry.npmjs.org/fast-glob/-/fast-glob-3.3.2.tgz"
    integrity sha512-oX2ruAFQwf/Orj8m737Y5adxDQO0LAB7/S5MnxCdTNDd4p6BsyIVsv9JQsATbTSq8KHRpLwIHbVlUNatxd+1Ow==
    dependencies:
      "@nodelib/fs.stat" "^2.0.2"
      "@nodelib/fs.walk" "^1.2.3"
      glob-parent "^5.1.2"
      merge2 "^1.3.0"
      micromatch "^4.0.4"
  
  fast-json-stable-stringify@^2.0.0:
    version "2.1.0"
    resolved "https://registry.npmjs.org/fast-json-stable-stringify/-/fast-json-stable-stringify-2.1.0.tgz"
    integrity sha512-lhd/wF+Lk98HZoTCtlVraHtfh5XYijIjalXck7saUtuanSDyLMxnHhSXEDJqHxD7msR8D0uCmqlkwjCV8xvwHw==
  
  fastest-levenshtein@^1.0.12:
    version "1.0.16"
    resolved "https://registry.npmjs.org/fastest-levenshtein/-/fastest-levenshtein-1.0.16.tgz"
    integrity sha512-eRnCtTTtGZFpQCwhJiUOuxPQWRXVKYDn0b2PeHfXL6/Zi53SLAzAHfVhVWK2AryC/WH05kGfxhFIPvTF0SXQzg==
  
  fastq@^1.6.0:
    version "1.17.1"
    resolved "https://registry.npmjs.org/fastq/-/fastq-1.17.1.tgz"
    integrity sha512-sRVD3lWVIXWg6By68ZN7vho9a1pQcN/WBFaAAsDDFzlJjvoGx0P8z7V1t72grFJfJhu3YPZBuu25f7Kaw2jN1w==
    dependencies:
      reusify "^1.0.4"
  
  fill-range@^7.0.1:
    version "7.0.1"
    resolved "https://registry.npmjs.org/fill-range/-/fill-range-7.0.1.tgz"
    integrity sha512-qOo9F+dMUmC2Lcb4BbVvnKJxTPjCm+RRpe4gDuGrzkL7mEVl/djYSu2OdQ2Pa302N4oqkSg9ir6jaLWJ2USVpQ==
    dependencies:
      to-regex-range "^5.0.1"
  
  find-up@^4.0.0:
    version "4.1.0"
    resolved "https://registry.npmjs.org/find-up/-/find-up-4.1.0.tgz"
    integrity sha512-PpOwAdQ/YlXQ2vj8a3h8IipDuYRi3wceVQQGYWxNINccq40Anw7BlsEXCMbt1Zt+OLA6Fq9suIpIWD0OsnISlw==
    dependencies:
      locate-path "^5.0.0"
      path-exists "^4.0.0"
  
  flat@^5.0.2:
    version "5.0.2"
    resolved "https://registry.npmjs.org/flat/-/flat-5.0.2.tgz"
    integrity sha512-b6suED+5/3rTpUBdG1gupIl8MPFCAMA0QXwmljLhvCUKcUvdE4gWky9zpuGCcXHOsz4J9wPGNWq6OKpmIzz3hQ==
  
  function-bind@^1.1.2:
    version "1.1.2"
    resolved "https://registry.npmjs.org/function-bind/-/function-bind-1.1.2.tgz"
    integrity sha512-7XHNxH7qX9xG5mIwxkhumTox/MIRNcOgDrxWsMt2pAr23WHp6MrRlN7FBSFpCpr+oVO0F744iUgR82nJMfG2SA==
  
  glob-parent@^5.1.2:
    version "5.1.2"
    resolved "https://registry.npmjs.org/glob-parent/-/glob-parent-5.1.2.tgz"
    integrity sha512-AOIgSQCepiJYwP3ARnGx+5VnTu2HBYdzbGP45eLw1vr3zB3vZLeyed1sC9hnbcOc9/SrMyM5RPQrkGz4aS9Zow==
    dependencies:
      is-glob "^4.0.1"
  
  glob-parent@^6.0.1:
    version "6.0.2"
    resolved "https://registry.npmjs.org/glob-parent/-/glob-parent-6.0.2.tgz"
    integrity sha512-XxwI8EOhVQgWp6iDL+3b0r86f4d6AX6zSU55HfB4ydCEuXLXc5FcYeOu+nnGftS4TEju/11rt4KJPTMgbfmv4A==
    dependencies:
      is-glob "^4.0.3"
  
  glob-to-regexp@^0.4.1:
    version "0.4.1"
    resolved "https://registry.npmjs.org/glob-to-regexp/-/glob-to-regexp-0.4.1.tgz"
    integrity sha512-lkX1HJXwyMcprw/5YUZc2s7DrpAiHB21/V+E1rHUrVNokkvB6bqMzT0VfV6/86ZNabt1k14YOIaT7nDvOX3Iiw==
  
  globby@^14.0.0:
    version "14.0.1"
    resolved "https://registry.npmjs.org/globby/-/globby-14.0.1.tgz"
    integrity sha512-jOMLD2Z7MAhyG8aJpNOpmziMOP4rPLcc95oQPKXBazW82z+CEgPFBQvEpRUa1KeIMUJo4Wsm+q6uzO/Q/4BksQ==
    dependencies:
      "@sindresorhus/merge-streams" "^2.1.0"
      fast-glob "^3.3.2"
      ignore "^5.2.4"
      path-type "^5.0.0"
      slash "^5.1.0"
      unicorn-magic "^0.1.0"
  
  graceful-fs@^4.1.2, graceful-fs@^4.2.11, graceful-fs@^4.2.4:
    version "4.2.11"
    resolved "https://registry.npmjs.org/graceful-fs/-/graceful-fs-4.2.11.tgz"
    integrity sha512-RbJ5/jmFcNNCcDV5o9eTnBLJ/HszWV0P73bc+Ff4nS/rJj+YaS6IGyiOL0VoBYX+l1Wrl3k63h/KrH+nhJ0XvQ==
  
  has-flag@^4.0.0:
    version "4.0.0"
    resolved "https://registry.npmjs.org/has-flag/-/has-flag-4.0.0.tgz"
    integrity sha512-EykJT/Q1KjTWctppgIAgfSO0tKVuZUjhgMr17kqTumMl6Afv3EISleU7qZUzoXDFTAHTDC4NOoG/ZxU3EvlMPQ==
  
  hasown@^2.0.0:
    version "2.0.2"
    resolved "https://registry.npmjs.org/hasown/-/hasown-2.0.2.tgz"
    integrity sha512-0hJU9SCPvmMzIBdZFqNPXWa6dqh7WdH0cII9y+CyS8rG3nL48Bclra9HmKhVVUHyPWNH5Y7xDwAB7bfgSjkUMQ==
    dependencies:
      function-bind "^1.1.2"
  
  ignore@^5.2.4:
    version "5.3.1"
    resolved "https://registry.npmjs.org/ignore/-/ignore-5.3.1.tgz"
    integrity sha512-5Fytz/IraMjqpwfd34ke28PTVMjZjJG2MPn5t7OE4eUCUNf8BAa7b5WUS9/Qvr6mwOQS7Mk6vdsMno5he+T8Xw==
  
  import-local@^3.0.2:
    version "3.1.0"
    resolved "https://registry.npmjs.org/import-local/-/import-local-3.1.0.tgz"
    integrity sha512-ASB07uLtnDs1o6EHjKpX34BKYDSqnFerfTOJL2HvMqF70LnxpjkzDB8J44oT9pu4AMPkQwf8jl6szgvNd2tRIg==
    dependencies:
      pkg-dir "^4.2.0"
      resolve-cwd "^3.0.0"
  
  interpret@^3.1.1:
    version "3.1.1"
    resolved "https://registry.npmjs.org/interpret/-/interpret-3.1.1.tgz"
    integrity sha512-6xwYfHbajpoF0xLW+iwLkhwgvLoZDfjYfoFNu8ftMoXINzwuymNLd9u/KmwtdT2GbR+/Cz66otEGEVVUHX9QLQ==
  
  is-core-module@^2.13.0:
    version "2.13.1"
    resolved "https://registry.npmjs.org/is-core-module/-/is-core-module-2.13.1.tgz"
    integrity sha512-hHrIjvZsftOsvKSn2TRYl63zvxsgE0K+0mYMoH6gD4omR5IWB2KynivBQczo3+wF1cCkjzvptnI9Q0sPU66ilw==
    dependencies:
      hasown "^2.0.0"
  
  is-extglob@^2.1.1:
    version "2.1.1"
    resolved "https://registry.npmjs.org/is-extglob/-/is-extglob-2.1.1.tgz"
    integrity sha512-SbKbANkN603Vi4jEZv49LeVJMn4yGwsbzZworEoyEiutsN3nJYdbO36zfhGJ6QEDpOZIFkDtnq5JRxmvl3jsoQ==
  
  is-glob@^4.0.1, is-glob@^4.0.3:
    version "4.0.3"
    resolved "https://registry.npmjs.org/is-glob/-/is-glob-4.0.3.tgz"
    integrity sha512-xelSayHH36ZgE7ZWhli7pW34hNbNl8Ojv5KVmkJD4hBdD3th8Tfk9vYasLM+mXWOZhFkgZfxhLSnrwRr4elSSg==
    dependencies:
      is-extglob "^2.1.1"
  
  is-number@^7.0.0:
    version "7.0.0"
    resolved "https://registry.npmjs.org/is-number/-/is-number-7.0.0.tgz"
    integrity sha512-41Cifkg6e8TylSpdtTpeLVMqvSBEVzTttHvERD741+pnZ8ANv0004MRL43QKPDlK9cGvNp6NZWZUBlbGXYxxng==
  
  is-plain-object@^2.0.4:
    version "2.0.4"
    resolved "https://registry.npmjs.org/is-plain-object/-/is-plain-object-2.0.4.tgz"
    integrity sha512-h5PpgXkWitc38BBMYawTYMWJHFZJVnBquFE57xFpjB8pJFiF6gZ+bU+WyI/yqXiFR5mdLsgYNaPe8uao6Uv9Og==
    dependencies:
      isobject "^3.0.1"
  
  isexe@^2.0.0:
    version "2.0.0"
    resolved "https://registry.npmjs.org/isexe/-/isexe-2.0.0.tgz"
    integrity sha512-RHxMLp9lnKHGHRng9QFhRCMbYAcVpn69smSGcq3f36xjgVVWThj4qqLbTLlq7Ssj8B+fIQ1EuCEGI2lKsyQeIw==
  
  isobject@^3.0.1:
    version "3.0.1"
    resolved "https://registry.npmjs.org/isobject/-/isobject-3.0.1.tgz"
    integrity sha512-WhB9zCku7EGTj/HQQRz5aUQEUeoQZH2bWcltRErOpymJ4boYE6wL9Tbr23krRPSZ+C5zqNSrSw+Cc7sZZ4b7vg==
  
  jest-worker@^27.4.5:
    version "27.5.1"
    resolved "https://registry.npmjs.org/jest-worker/-/jest-worker-27.5.1.tgz"
    integrity sha512-7vuh85V5cdDofPyxn58nrPjBktZo0u9x1g8WtjQol+jZDaE+fhN+cIvTj11GndBnMnyfrUOG1sZQxCdjKh+DKg==
    dependencies:
      "@types/node" "*"
      merge-stream "^2.0.0"
      supports-color "^8.0.0"
  
  json-parse-even-better-errors@^2.3.1:
    version "2.3.1"
    resolved "https://registry.npmjs.org/json-parse-even-better-errors/-/json-parse-even-better-errors-2.3.1.tgz"
    integrity sha512-xyFwyhro/JEof6Ghe2iz2NcXoj2sloNsWr/XsERDK/oiPCfaNhl5ONfp+jQdAZRQQ0IJWNzH9zIZF7li91kh2w==
  
  json-schema-traverse@^0.4.1:
    version "0.4.1"
    resolved "https://registry.npmjs.org/json-schema-traverse/-/json-schema-traverse-0.4.1.tgz"
    integrity sha512-xbbCH5dCYU5T8LcEhhuh7HJ88HXuW3qsI3Y0zOZFKfZEHcpWiHU/Jxzk629Brsab/mMiHQti9wMP+845RPe3Vg==
  
  json-schema-traverse@^1.0.0:
    version "1.0.0"
    resolved "https://registry.npmjs.org/json-schema-traverse/-/json-schema-traverse-1.0.0.tgz"
    integrity sha512-NM8/P9n3XjXhIZn1lLhkFaACTOURQXjWhV4BA/RnOv8xvgqtqpAX9IO4mRQxSx1Rlo4tqzeqb0sOlruaOy3dug==
  
  kind-of@^6.0.2:
    version "6.0.3"
    resolved "https://registry.npmjs.org/kind-of/-/kind-of-6.0.3.tgz"
    integrity sha512-dcS1ul+9tmeD95T+x28/ehLgd9mENa3LsvDTtzm3vyBEO7RPptvAD+t44WVXaUjTBRcrpFeFlC8WCruUR456hw==
  
  loader-runner@^4.2.0:
    version "4.3.0"
    resolved "https://registry.npmjs.org/loader-runner/-/loader-runner-4.3.0.tgz"
    integrity sha512-3R/1M+yS3j5ou80Me59j7F9IMs4PXs3VqRrm0TU3AbKPxlmpoY1TNscJV/oGJXo8qCatFGTfDbY6W6ipGOYXfg==
  
  locate-path@^5.0.0:
    version "5.0.0"
    resolved "https://registry.npmjs.org/locate-path/-/locate-path-5.0.0.tgz"
    integrity sha512-t7hw9pI+WvuwNJXwk5zVHpyhIqzg2qTlklJOf0mVxGSbe3Fp2VieZcduNYjaLDoy6p9uGpQEGWG87WpMKlNq8g==
    dependencies:
      p-locate "^4.1.0"
  
  lru-cache@^6.0.0:
    version "6.0.0"
    resolved "https://registry.npmjs.org/lru-cache/-/lru-cache-6.0.0.tgz"
    integrity sha512-Jo6dJ04CmSjuznwJSS3pUeWmd/H0ffTlkXXgwZi+eq1UCmqQwCh+eLsYOYCwY991i2Fah4h1BEMCx4qThGbsiA==
    dependencies:
      yallist "^4.0.0"
  
  merge-stream@^2.0.0:
    version "2.0.0"
    resolved "https://registry.npmjs.org/merge-stream/-/merge-stream-2.0.0.tgz"
    integrity sha512-abv/qOcuPfk3URPfDzmZU1LKmuw8kT+0nIHvKrKgFrwifol/doWcdA4ZqsWQ8ENrFKkd67Mfpo/LovbIUsbt3w==
  
  merge2@^1.3.0:
    version "1.4.1"
    resolved "https://registry.npmjs.org/merge2/-/merge2-1.4.1.tgz"
    integrity sha512-8q7VEgMJW4J8tcfVPy8g09NcQwZdbwFEqhe/WZkoIzjn/3TGDwtOCYtXGxA3O8tPzpczCCDgv+P2P5y00ZJOOg==
  
  micromatch@^4.0.0, micromatch@^4.0.4:
    version "4.0.5"
    resolved "https://registry.npmjs.org/micromatch/-/micromatch-4.0.5.tgz"
    integrity sha512-DMy+ERcEW2q8Z2Po+WNXuw3c5YaUSFjAO5GsJqfEl7UjvtIuFKO6ZrKvcItdy98dwFI2N1tg3zNIdKaQT+aNdA==
    dependencies:
      braces "^3.0.2"
      picomatch "^2.3.1"
  
  mime-db@1.52.0:
    version "1.52.0"
    resolved "https://registry.npmjs.org/mime-db/-/mime-db-1.52.0.tgz"
    integrity sha512-sPU4uV7dYlvtWJxwwxHD0PuihVNiE7TyAbQ5SWxDCB9mUYvOgroQOwYQQOKPJ8CIbE+1ETVlOoK1UC2nU3gYvg==
  
  mime-types@^2.1.27:
    version "2.1.35"
    resolved "https://registry.npmjs.org/mime-types/-/mime-types-2.1.35.tgz"
    integrity sha512-ZDY+bPm5zTTF+YpCrAU9nK0UgICYPT0QtT1NZWFv4s++TNkcgVaT0g6+4R2uI4MjQjzysHB1zxuWL50hzaeXiw==
    dependencies:
      mime-db "1.52.0"
  
  neo-async@^2.6.2:
    version "2.6.2"
    resolved "https://registry.npmjs.org/neo-async/-/neo-async-2.6.2.tgz"
    integrity sha512-Yd3UES5mWCSqR+qNT93S3UoYUkqAZ9lLg8a7g9rimsWmYGK8cVToA4/sF3RrshdyV3sAGMXVUmpMYOw+dLpOuw==
  
  node-releases@^2.0.14:
    version "2.0.14"
    resolved "https://registry.npmjs.org/node-releases/-/node-releases-2.0.14.tgz"
    integrity sha512-y10wOWt8yZpqXmOgRo77WaHEmhYQYGNA6y421PKsKYWEK8aW+cqAphborZDhqfyKrbZEN92CN1X2KbafY2s7Yw==
  
  normalize-path@^3.0.0:
    version "3.0.0"
    resolved "https://registry.npmjs.org/normalize-path/-/normalize-path-3.0.0.tgz"
    integrity sha512-6eZs5Ls3WtCisHWp9S2GUy8dqkpGi4BVSz3GaqiE6ezub0512ESztXUwUB6C6IKbQkY2Pnb/mD4WYojCRwcwLA==
  
  p-limit@^2.2.0:
    version "2.3.0"
    resolved "https://registry.npmjs.org/p-limit/-/p-limit-2.3.0.tgz"
    integrity sha512-//88mFWSJx8lxCzwdAABTJL2MyWB12+eIY7MDL2SqLmAkeKU9qxRvWuSyTjm3FUmpBEMuFfckAIqEaVGUDxb6w==
    dependencies:
      p-try "^2.0.0"
  
  p-locate@^4.1.0:
    version "4.1.0"
    resolved "https://registry.npmjs.org/p-locate/-/p-locate-4.1.0.tgz"
    integrity sha512-R79ZZ/0wAxKGu3oYMlz8jy/kbhsNrS7SKZ7PxEHBgJ5+F2mtFW2fK2cOtBh1cHYkQsbzFV7I+EoRKe6Yt0oK7A==
    dependencies:
      p-limit "^2.2.0"
  
  p-try@^2.0.0:
    version "2.2.0"
    resolved "https://registry.npmjs.org/p-try/-/p-try-2.2.0.tgz"
    integrity sha512-R4nPAVTAU0B9D35/Gk3uJf/7XYbQcyohSKdvAxIRSNghFl4e71hVoGnBNQz9cWaXxO2I10KTC+3jMdvvoKw6dQ==
  
  path-exists@^4.0.0:
    version "4.0.0"
    resolved "https://registry.npmjs.org/path-exists/-/path-exists-4.0.0.tgz"
    integrity sha512-ak9Qy5Q7jYb2Wwcey5Fpvg2KoAc/ZIhLSLOSBmRmygPsGwkVVt0fZa0qrtMz+m6tJTAHfZQ8FnmB4MG4LWy7/w==
  
  path-key@^3.1.0:
    version "3.1.1"
    resolved "https://registry.npmjs.org/path-key/-/path-key-3.1.1.tgz"
    integrity sha512-ojmeN0qd+y0jszEtoY48r0Peq5dwMEkIlCOu6Q5f41lfkswXuKtYrhgoTpLnyIcHm24Uhqx+5Tqm2InSwLhE6Q==
  
  path-parse@^1.0.7:
    version "1.0.7"
    resolved "https://registry.npmjs.org/path-parse/-/path-parse-1.0.7.tgz"
    integrity sha512-LDJzPVEEEPR+y48z93A0Ed0yXb8pAByGWo/k5YYdYgpY2/2EsOsksJrq7lOHxryrVOn1ejG6oAp8ahvOIQD8sw==
  
  path-type@^5.0.0:
    version "5.0.0"
    resolved "https://registry.npmjs.org/path-type/-/path-type-5.0.0.tgz"
    integrity sha512-5HviZNaZcfqP95rwpv+1HDgUamezbqdSYTyzjTvwtJSnIH+3vnbmWsItli8OFEndS984VT55M3jduxZbX351gg==
  
  picocolors@^1.0.0:
    version "1.0.0"
    resolved "https://registry.npmjs.org/picocolors/-/picocolors-1.0.0.tgz"
    integrity sha512-1fygroTLlHu66zi26VoTDv8yRgm0Fccecssto+MhsZ0D/DGW2sm8E8AjW7NU5VVTRt5GxbeZ5qBuJr+HyLYkjQ==
  
  picomatch@^2.3.1:
    version "2.3.1"
    resolved "https://registry.npmjs.org/picomatch/-/picomatch-2.3.1.tgz"
    integrity sha512-JU3teHTNjmE2VCGFzuY8EXzCDVwEqB2a8fsIvwaStHhAWJEeVd1o1QD80CU6+ZdEXXSLbSsuLwJjkCBWqRQUVA==
  
  pkg-dir@^4.2.0:
    version "4.2.0"
    resolved "https://registry.npmjs.org/pkg-dir/-/pkg-dir-4.2.0.tgz"
    integrity sha512-HRDzbaKjC+AOWVXxAU/x54COGeIv9eb+6CkDSQoNTt4XyWoIJvuPsXizxu/Fr23EiekbtZwmh1IcIG/l/a10GQ==
    dependencies:
      find-up "^4.0.0"
  
  punycode@^2.1.0:
    version "2.3.1"
    resolved "https://registry.npmjs.org/punycode/-/punycode-2.3.1.tgz"
    integrity sha512-vYt7UD1U9Wg6138shLtLOvdAu+8DsC/ilFtEVHcH+wydcSpNE20AfSOduf6MkRFahL5FY7X1oU7nKVZFtfq8Fg==
  
  queue-microtask@^1.2.2:
    version "1.2.3"
    resolved "https://registry.npmjs.org/queue-microtask/-/queue-microtask-1.2.3.tgz"
    integrity sha512-NuaNSa6flKT5JaSYQzJok04JzTL1CA6aGhv5rfLW3PgqA+M2ChpZQnAC8h8i4ZFkBS8X5RqkDBHA7r4hej3K9A==
  
  randombytes@^2.1.0:
    version "2.1.0"
    resolved "https://registry.npmjs.org/randombytes/-/randombytes-2.1.0.tgz"
    integrity sha512-vYl3iOX+4CKUWuxGi9Ukhie6fsqXqS9FE2Zaic4tNFD2N2QQaXOMFbuKK4QmDHC0JO6B1Zp41J0LpT0oR68amQ==
    dependencies:
      safe-buffer "^5.1.0"
  
  rechoir@^0.8.0:
    version "0.8.0"
    resolved "https://registry.npmjs.org/rechoir/-/rechoir-0.8.0.tgz"
    integrity sha512-/vxpCXddiX8NGfGO/mTafwjq4aFa/71pvamip0++IQk3zG8cbCj0fifNPrjjF1XMXUne91jL9OoxmdykoEtifQ==
    dependencies:
      resolve "^1.20.0"
  
  require-from-string@^2.0.2:
    version "2.0.2"
    resolved "https://registry.npmjs.org/require-from-string/-/require-from-string-2.0.2.tgz"
    integrity sha512-Xf0nWe6RseziFMu+Ap9biiUbmplq6S9/p+7w7YXP/JBHhrUDDUhwa+vANyubuqfZWTveU//DYVGsDG7RKL/vEw==
  
  resolve-cwd@^3.0.0:
    version "3.0.0"
    resolved "https://registry.npmjs.org/resolve-cwd/-/resolve-cwd-3.0.0.tgz"
    integrity sha512-OrZaX2Mb+rJCpH/6CpSqt9xFVpN++x01XnN2ie9g6P5/3xelLAkXWVADpdz1IHD/KFfEXyE6V0U01OQ3UO2rEg==
    dependencies:
      resolve-from "^5.0.0"
  
  resolve-from@^5.0.0:
    version "5.0.0"
    resolved "https://registry.npmjs.org/resolve-from/-/resolve-from-5.0.0.tgz"
    integrity sha512-qYg9KP24dD5qka9J47d0aVky0N+b4fTU89LN9iDnjB5waksiC49rvMB0PrUJQGoTmH50XPiqOvAjDfaijGxYZw==
  
  resolve@^1.20.0:
    version "1.22.8"
    resolved "https://registry.npmjs.org/resolve/-/resolve-1.22.8.tgz"
    integrity sha512-oKWePCxqpd6FlLvGV1VU0x7bkPmmCNolxzjMf4NczoDnQcIWrAF+cPtZn5i6n+RfD2d9i0tzpKnG6Yk168yIyw==
    dependencies:
      is-core-module "^2.13.0"
      path-parse "^1.0.7"
      supports-preserve-symlinks-flag "^1.0.0"
  
  reusify@^1.0.4:
    version "1.0.4"
    resolved "https://registry.npmjs.org/reusify/-/reusify-1.0.4.tgz"
    integrity sha512-U9nH88a3fc/ekCF1l0/UP1IosiuIjyTh7hBvXVMHYgVcfGvt897Xguj2UOLDeI5BG2m7/uwyaLVT6fbtCwTyzw==
  
  run-parallel@^1.1.9:
    version "1.2.0"
    resolved "https://registry.npmjs.org/run-parallel/-/run-parallel-1.2.0.tgz"
    integrity sha512-5l4VyZR86LZ/lDxZTR6jqL8AFE2S0IFLMP26AbjsLVADxHdhB/c0GUsH+y39UfCi3dzz8OlQuPmnaJOMoDHQBA==
    dependencies:
      queue-microtask "^1.2.2"
  
  safe-buffer@^5.1.0:
    version "5.2.1"
    resolved "https://registry.npmjs.org/safe-buffer/-/safe-buffer-5.2.1.tgz"
    integrity sha512-rp3So07KcdmmKbGvgaNxQSJr7bGVSVk5S9Eq1F+ppbRo70+YeaDxkw5Dd8NPN+GD6bjnYm2VuPuCXmpuYvmCXQ==
  
  schema-utils@^3.1.1, schema-utils@^3.2.0:
    version "3.3.0"
    resolved "https://registry.npmjs.org/schema-utils/-/schema-utils-3.3.0.tgz"
    integrity sha512-pN/yOAvcC+5rQ5nERGuwrjLlYvLTbCibnZ1I7B1LaiAz9BRBlE9GMgE/eqV30P7aJQUf7Ddimy/RsbYO/GrVGg==
    dependencies:
      "@types/json-schema" "^7.0.8"
      ajv "^6.12.5"
      ajv-keywords "^3.5.2"
  
  schema-utils@^4.2.0:
    version "4.2.0"
    resolved "https://registry.npmjs.org/schema-utils/-/schema-utils-4.2.0.tgz"
    integrity sha512-L0jRsrPpjdckP3oPug3/VxNKt2trR8TcabrM6FOAAlvC/9Phcmm+cuAgTlxBqdBR1WJx7Naj9WHw+aOmheSVbw==
    dependencies:
      "@types/json-schema" "^7.0.9"
      ajv "^8.9.0"
      ajv-formats "^2.1.1"
      ajv-keywords "^5.1.0"
  
  semver@^6.3.1:
    version "6.3.1"
    resolved "https://registry.npmjs.org/semver/-/semver-6.3.1.tgz"
    integrity sha512-BR7VvDCVHO+q2xBEWskxS6DJE1qRnb7DxzUrogb71CWoSficBxYsiAGd+Kl0mmq/MprG9yArRkyrQxTO6XjMzA==
  
  semver@^7.3.4:
    version "7.6.0"
    resolved "https://registry.npmjs.org/semver/-/semver-7.6.0.tgz"
    integrity sha512-EnwXhrlwXMk9gKu5/flx5sv/an57AkRplG3hTK68W7FRDN+k+OWBj65M7719OkA82XLBxrcX0KSHj+X5COhOVg==
    dependencies:
      lru-cache "^6.0.0"
  
  serialize-javascript@^6.0.1, serialize-javascript@^6.0.2:
    version "6.0.2"
    resolved "https://registry.npmjs.org/serialize-javascript/-/serialize-javascript-6.0.2.tgz"
    integrity sha512-Saa1xPByTTq2gdeFZYLLo+RFE35NHZkAbqZeWNd3BpzppeVisAqpDjcp8dyf6uIvEqJRd46jemmyA4iFIeVk8g==
    dependencies:
      randombytes "^2.1.0"
  
  shallow-clone@^3.0.0:
    version "3.0.1"
    resolved "https://registry.npmjs.org/shallow-clone/-/shallow-clone-3.0.1.tgz"
    integrity sha512-/6KqX+GVUdqPuPPd2LxDDxzX6CAbjJehAAOKlNpqqUpAqPM6HeL8f+o3a+JsyGjn2lv0WY8UsTgUJjU9Ok55NA==
    dependencies:
      kind-of "^6.0.2"
  
  shebang-command@^2.0.0:
    version "2.0.0"
    resolved "https://registry.npmjs.org/shebang-command/-/shebang-command-2.0.0.tgz"
    integrity sha512-kHxr2zZpYtdmrN1qDjrrX/Z1rR1kG8Dx+gkpK1G4eXmvXswmcE1hTWBWYUzlraYw1/yZp6YuDY77YtvbN0dmDA==
    dependencies:
      shebang-regex "^3.0.0"
  
  shebang-regex@^3.0.0:
    version "3.0.0"
    resolved "https://registry.npmjs.org/shebang-regex/-/shebang-regex-3.0.0.tgz"
    integrity sha512-7++dFhtcx3353uBaq8DDR4NuxBetBzC7ZQOhmTQInHEd6bSrXdiEyzCvG07Z44UYdLShWUyXt5M/yhz8ekcb1A==
  
  slash@^5.1.0:
    version "5.1.0"
    resolved "https://registry.npmjs.org/slash/-/slash-5.1.0.tgz"
    integrity sha512-ZA6oR3T/pEyuqwMgAKT0/hAv8oAXckzbkmR0UkUosQ+Mc4RxGoJkRmwHgHufaenlyAgE1Mxgpdcrf75y6XcnDg==
  
  source-map-support@~0.5.20:
    version "0.5.21"
    resolved "https://registry.npmjs.org/source-map-support/-/source-map-support-0.5.21.tgz"
    integrity sha512-uBHU3L3czsIyYXKX88fdrGovxdSCoTGDRZ6SYXtSRxLZUzHg5P/66Ht6uoUlHu9EZod+inXhKo3qQgwXUT/y1w==
    dependencies:
      buffer-from "^1.0.0"
      source-map "^0.6.0"
  
  source-map@^0.6.0:
    version "0.6.1"
    resolved "https://registry.npmjs.org/source-map/-/source-map-0.6.1.tgz"
    integrity sha512-UjgapumWlbMhkBgzT7Ykc5YXUT46F0iKu8SGXq0bcwP5dz/h0Plj6enJqjz1Zbq2l5WaqYnrVbwWOWMyF3F47g==
  
  source-map@^0.7.4:
    version "0.7.4"
    resolved "https://registry.npmjs.org/source-map/-/source-map-0.7.4.tgz"
    integrity sha512-l3BikUxvPOcn5E74dZiq5BGsTb5yEwhaTSzccU6t4sDOH8NWJCstKO5QT2CvtFoK6F0saL7p9xHAqHOlCPJygA==
  
  supports-color@^7.1.0:
    version "7.2.0"
    resolved "https://registry.npmjs.org/supports-color/-/supports-color-7.2.0.tgz"
    integrity sha512-qpCAvRl9stuOHveKsn7HncJRvv501qIacKzQlO/+Lwxc9+0q2wLyv4Dfvt80/DPn2pqOBsJdDiogXGR9+OvwRw==
    dependencies:
      has-flag "^4.0.0"
  
  supports-color@^8.0.0:
    version "8.1.1"
    resolved "https://registry.npmjs.org/supports-color/-/supports-color-8.1.1.tgz"
    integrity sha512-MpUEN2OodtUzxvKQl72cUF7RQ5EiHsGvSsVG0ia9c5RbWGL2CI4C7EpPS8UTBIplnlzZiNuV56w+FuNxy3ty2Q==
    dependencies:
      has-flag "^4.0.0"
  
  supports-preserve-symlinks-flag@^1.0.0:
    version "1.0.0"
    resolved "https://registry.npmjs.org/supports-preserve-symlinks-flag/-/supports-preserve-symlinks-flag-1.0.0.tgz"
    integrity sha512-ot0WnXS9fgdkgIcePe6RHNk1WA8+muPa6cSjeR3V8K27q9BB1rTE3R1p7Hv0z1ZyAc8s6Vvv8DIyWf681MAt0w==
  
  tapable@^2.1.1, tapable@^2.2.0:
    version "2.2.1"
    resolved "https://registry.npmjs.org/tapable/-/tapable-2.2.1.tgz"
    integrity sha512-GNzQvQTOIP6RyTfE2Qxb8ZVlNmw0n88vp1szwWRimP02mnTsx3Wtn5qRdqY9w2XduFNUgvOwhNnQsjwCp+kqaQ==
  
  terser-webpack-plugin@^5.3.10:
    version "5.3.10"
    resolved "https://registry.npmjs.org/terser-webpack-plugin/-/terser-webpack-plugin-5.3.10.tgz"
    integrity sha512-BKFPWlPDndPs+NGGCr1U59t0XScL5317Y0UReNrHaw9/FwhPENlq6bfgs+4yPfyP51vqC1bQ4rp1EfXW5ZSH9w==
    dependencies:
      "@jridgewell/trace-mapping" "^0.3.20"
      jest-worker "^27.4.5"
      schema-utils "^3.1.1"
      serialize-javascript "^6.0.1"
      terser "^5.26.0"
  
  terser@^5.26.0:
    version "5.31.0"
    resolved "https://registry.npmjs.org/terser/-/terser-5.31.0.tgz"
    integrity sha512-Q1JFAoUKE5IMfI4Z/lkE/E6+SwgzO+x4tq4v1AyBLRj8VSYvRO6A/rQrPg1yud4g0En9EKI1TvFRF2tQFcoUkg==
    dependencies:
      "@jridgewell/source-map" "^0.3.3"
      acorn "^8.8.2"
      commander "^2.20.0"
      source-map-support "~0.5.20"
  
  tippy.js@^6.3.7:
    version "6.3.7"
    resolved "https://registry.yarnpkg.com/tippy.js/-/tippy.js-6.3.7.tgz#8ccfb651d642010ed9a32ff29b0e9e19c5b8c61c"
    integrity sha512-E1d3oP2emgJ9dRQZdf3Kkn0qJgI6ZLpyS5z6ZkY1DF3kaQaBsGZsndEpHwx+eC+tYM41HaSNvNtLx8tU57FzTQ==
    dependencies:
      "@popperjs/core" "^2.9.0"
  
  to-regex-range@^5.0.1:
    version "5.0.1"
    resolved "https://registry.npmjs.org/to-regex-range/-/to-regex-range-5.0.1.tgz"
    integrity sha512-65P7iz6X5yEr1cwcgvQxbbIw7Uk3gOy5dIdtZ4rDveLqhrdJP+Li/Hx6tyK0NEb+2GCyneCMJiGqrADCSNk8sQ==
    dependencies:
      is-number "^7.0.0"
  
  toastify-js@^1.12.0:
    version "1.12.0"
    resolved "https://registry.npmjs.org/toastify-js/-/toastify-js-1.12.0.tgz"
    integrity sha512-HeMHCO9yLPvP9k0apGSdPUWrUbLnxUKNFzgUoZp1PHCLploIX/4DSQ7V8H25ef+h4iO9n0he7ImfcndnN6nDrQ==
  
  ts-loader@^9.5.1:
    version "9.5.1"
    resolved "https://registry.npmjs.org/ts-loader/-/ts-loader-9.5.1.tgz"
    integrity sha512-rNH3sK9kGZcH9dYzC7CewQm4NtxJTjSEVRJ2DyBZR7f8/wcta+iV44UPCXc5+nzDzivKtlzV6c9P4e+oFhDLYg==
    dependencies:
      chalk "^4.1.0"
      enhanced-resolve "^5.0.0"
      micromatch "^4.0.0"
      semver "^7.3.4"
      source-map "^0.7.4"
  
  typescript@^5.4.5:
    version "5.4.5"
    resolved "https://registry.npmjs.org/typescript/-/typescript-5.4.5.tgz"
    integrity sha512-vcI4UpRgg81oIRUFwR0WSIHKt11nJ7SAVlYNIu+QpqeyXP+gpQJy/Z4+F0aGxSE4MqwjyXvW/TzgkLAx2AGHwQ==
  
  undici-types@~5.26.4:
    version "5.26.5"
    resolved "https://registry.npmjs.org/undici-types/-/undici-types-5.26.5.tgz"
    integrity sha512-JlCMO+ehdEIKqlFxk6IfVoAUVmgz7cU7zD/h9XZ0qzeosSHmUJVOzSQvvYSYWXkFXC+IfLKSIffhv0sVZup6pA==
  
  unicorn-magic@^0.1.0:
    version "0.1.0"
    resolved "https://registry.npmjs.org/unicorn-magic/-/unicorn-magic-0.1.0.tgz"
    integrity sha512-lRfVq8fE8gz6QMBuDM6a+LO3IAzTi05H6gCVaUpir2E1Rwpo4ZUog45KpNXKC/Mn3Yb9UDuHumeFTo9iV/D9FQ==
  
  update-browserslist-db@^1.0.13:
    version "1.0.15"
    resolved "https://registry.npmjs.org/update-browserslist-db/-/update-browserslist-db-1.0.15.tgz"
    integrity sha512-K9HWH62x3/EalU1U6sjSZiylm9C8tgq2mSvshZpqc7QE69RaA2qjhkW2HlNA0tFpEbtyFz7HTqbSdN4MSwUodA==
    dependencies:
      escalade "^3.1.2"
      picocolors "^1.0.0"
  
  uri-js@^4.2.2, uri-js@^4.4.1:
    version "4.4.1"
    resolved "https://registry.npmjs.org/uri-js/-/uri-js-4.4.1.tgz"
    integrity sha512-7rKUyy33Q1yc98pQ1DAmLtwX109F7TIfWlW1Ydo8Wl1ii1SeHieeh0HHfPeL2fMXK6z0s8ecKs9frCuLJvndBg==
    dependencies:
      punycode "^2.1.0"
  
  watchpack@^2.4.1:
    version "2.4.1"
    resolved "https://registry.npmjs.org/watchpack/-/watchpack-2.4.1.tgz"
    integrity sha512-8wrBCMtVhqcXP2Sup1ctSkga6uc2Bx0IIvKyT7yTFier5AXHooSI+QyQQAtTb7+E0IUCCKyTFmXqdqgum2XWGg==
    dependencies:
      glob-to-regexp "^0.4.1"
      graceful-fs "^4.1.2"
  
  webextension-polyfill@^0.11.0:
    version "0.11.0"
    resolved "https://registry.npmjs.org/webextension-polyfill/-/webextension-polyfill-0.11.0.tgz"
    integrity sha512-YUBSKQA0iCx2YtM75VFgvvcx1hLKaGGiph6a6UaUdSgk32VT9SzrcDAKBjeGHXoAZTnNBqS5skA4VfoKMXhEBA==
    dependencies:
      webpack "^5.91.0"
      webpack-cli "^5.1.4"
  
  webpack-cli@^5.1.4:
    version "5.1.4"
    resolved "https://registry.npmjs.org/webpack-cli/-/webpack-cli-5.1.4.tgz"
    integrity sha512-pIDJHIEI9LR0yxHXQ+Qh95k2EvXpWzZ5l+d+jIo+RdSm9MiHfzazIxwwni/p7+x4eJZuvG1AJwgC4TNQ7NRgsg==
    dependencies:
      "@discoveryjs/json-ext" "^0.5.0"
      "@webpack-cli/configtest" "^2.1.1"
      "@webpack-cli/info" "^2.0.2"
      "@webpack-cli/serve" "^2.0.5"
      colorette "^2.0.14"
      commander "^10.0.1"
      cross-spawn "^7.0.3"
      envinfo "^7.7.3"
      fastest-levenshtein "^1.0.12"
      import-local "^3.0.2"
      interpret "^3.1.1"
      rechoir "^0.8.0"
      webpack-merge "^5.7.3"
  
  webpack-merge@^5.7.3:
    version "5.10.0"
    resolved "https://registry.npmjs.org/webpack-merge/-/webpack-merge-5.10.0.tgz"
    integrity sha512-+4zXKdx7UnO+1jaN4l2lHVD+mFvnlZQP/6ljaJVb4SZiwIKeUnrT5l0gkT8z+n4hKpC+jpOv6O9R+gLtag7pSA==
    dependencies:
      clone-deep "^4.0.1"
      flat "^5.0.2"
      wildcard "^2.0.0"
  
  webpack-sources@^3.2.3:
    version "3.2.3"
    resolved "https://registry.npmjs.org/webpack-sources/-/webpack-sources-3.2.3.tgz"
    integrity sha512-/DyMEOrDgLKKIG0fmvtz+4dUX/3Ghozwgm6iPp8KRhvn+eQf9+Q7GWxVNMk3+uCPWfdXYC4ExGBckIXdFEfH1w==
  
  webpack@^5.91.0:
    version "5.91.0"
    resolved "https://registry.npmjs.org/webpack/-/webpack-5.91.0.tgz"
    integrity sha512-rzVwlLeBWHJbmgTC/8TvAcu5vpJNII+MelQpylD4jNERPwpBJOE2lEcko1zJX3QJeLjTTAnQxn/OJ8bjDzVQaw==
    dependencies:
      "@types/eslint-scope" "^3.7.3"
      "@types/estree" "^1.0.5"
      "@webassemblyjs/ast" "^1.12.1"
      "@webassemblyjs/wasm-edit" "^1.12.1"
      "@webassemblyjs/wasm-parser" "^1.12.1"
      acorn "^8.7.1"
      acorn-import-assertions "^1.9.0"
      browserslist "^4.21.10"
      chrome-trace-event "^1.0.2"
      enhanced-resolve "^5.16.0"
      es-module-lexer "^1.2.1"
      eslint-scope "5.1.1"
      events "^3.2.0"
      glob-to-regexp "^0.4.1"
      graceful-fs "^4.2.11"
      json-parse-even-better-errors "^2.3.1"
      loader-runner "^4.2.0"
      mime-types "^2.1.27"
      neo-async "^2.6.2"
      schema-utils "^3.2.0"
      tapable "^2.1.1"
      terser-webpack-plugin "^5.3.10"
      watchpack "^2.4.1"
      webpack-sources "^3.2.3"
  
  which@^2.0.1:
    version "2.0.2"
    resolved "https://registry.npmjs.org/which/-/which-2.0.2.tgz"
    integrity sha512-BLI3Tl1TW3Pvl70l3yq3Y64i+awpwXqsGBYWkkqMtnbXgrMD+yj7rhW0kuEDxzJaYXGjEW5ogapKNMEKNMjibA==
    dependencies:
      isexe "^2.0.0"
  
  wildcard@^2.0.0:
    version "2.0.1"
    resolved "https://registry.npmjs.org/wildcard/-/wildcard-2.0.1.tgz"
    integrity sha512-CC1bOL87PIWSBhDcTrdeLo6eGT7mCFtrg0uIJtqJUFyK+eJnzl8A1niH56uu7KMa5XFrtiV+AQuHO3n7DsHnLQ==
  
  yallist@^4.0.0:
    version "4.0.0"
    resolved "https://registry.npmjs.org/yallist/-/yallist-4.0.0.tgz"
    integrity sha512-3wdGidZyq5PB084XLES5TpOSRA3wjXAlIWMhum2kRcv/41Sn2emQ0dycQW4uZXLejwKvg6EsvbdlVL+FYEct7A==
